<?xml version="1.0" encoding="UTF-8"?>
<testsuite xmlns:xsi="http://www.w3.org/2001/XMLSchema-instance" xsi:noNamespaceSchemaLocation="https://maven.apache.org/surefire/maven-surefire-plugin/xsd/surefire-test-report.xsd" name="de.rub.genericurkemini.TestUrke" time="0.496" tests="10" errors="0" skipped="0" failures="0">
  <properties>
[...]
</properties>
  <testcase name="repeatedTest[1]" classname="de.rub.genericurkemini.TestUrke" time="0.372"/>
  <testcase name="repeatedTest[2]" classname="de.rub.genericurkemini.TestUrke" time="0.015"/>
  <testcase name="repeatedTest[3]" classname="de.rub.genericurkemini.TestUrke" time="0.015"/>
  <testcase name="repeatedTest[4]" classname="de.rub.genericurkemini.TestUrke" time="0.017"/>
  <testcase name="repeatedTest[5]" classname="de.rub.genericurkemini.TestUrke" time="0.013"/>
  <testcase name="repeatedTest[6]" classname="de.rub.genericurkemini.TestUrke" time="0.023"/>
  <testcase name="repeatedTest[7]" classname="de.rub.genericurkemini.TestUrke" time="0.002"/>
  <testcase name="repeatedTest[8]" classname="de.rub.genericurkemini.TestUrke" time="0.007"/>
  <testcase name="repeatedTest[9]" classname="de.rub.genericurkemini.TestUrke" time="0.008"/>
  <testcase name="repeatedTest[10]" classname="de.rub.genericurkemini.TestUrke" time="0.008"/>
</testsuite>